<?xml version="1.0" encoding="utf-8"?><testsuites name="pytest tests"><testsuite name="pytest" errors="0" failures="0" skipped="0" tests="40" time="4.844" timestamp="2026-08-06T08:48:11.072151+00:00" hostname="agent-env-648f8ddd-19fe-48bd-94e7-b89d40dfb222"><testcase classname="tests.backend_test.TestAuth" name="test_admin_login" time="0.475" /><testcase classname="tests.backend_test.TestAuth" name="test_owner_login" time="0.449" /><testcase classname="tests.backend_test.TestOwner" name="test_dashboard" time="0.904" /><testcase classname="tests.backend_test.TestOwner" name="test_get_hostel" time="0.046" /><testcase classname="tests.backend_test.TestAuth" name="test_tenant_login" time="0.327" /><testcase classname="tests.backend_test.TestOwner" name="test_room_add_and_delete" time="0.329" /><testcase classname="tests.backend_test.TestAuth" name="test_wrong_password" time="0.276" /><testcase classname="tests.backend_test.TestOwner" name="test_tenant_add_transfer_checkout" time="0.689" /><testcase classname="tests.backend_test.TestAuth" name="test_me" time="0.341" /><testcase classname="tests.backend_test.TestAuth" name="test_me_no_token" time="0.064" /><testcase classname="tests.backend_test.TestAuth" name="test_register_tenant" time="0.329" /><testcase classname="tests.backend_test.TestOwner" name="test_rent_collect" time="0.277" /><testcase classname="tests.backend_test.TestOwner" name="test_expenses" time="0.368" /><testcase classname="tests.backend_test.TestAuth" name="test_register_owner" time="0.290" /><testcase classname="tests.backend_test.TestAuth" name="test_register_admin_forbidden" time="0.106" /><testcase classname="tests.backend_test.TestOwner" name="test_reports" time="0.047" /><testcase classname="tests.backend_test.TestAdmin" name="test_dashboard" time="0.070" /><testcase classname="tests.backend_test.TestOwner" name="test_notices" time="0.043" /><testcase classname="tests.backend_test.TestOwner" name="test_owner_forbidden_tenant_route" time="0.044" /><testcase classname="tests.backend_test.TestAdmin" name="test_hostels_pending" time="0.059" /><testcase classname="tests.backend_test.TestOwner" name="test_enquiries" time="0.043" /><testcase classname="tests.backend_test.TestAdmin" name="test_verify_approve_then_suspend_reactivate" time="0.267" /><testcase classname="tests.backend_test.TestPublic" name="test_list" time="0.043" /><testcase classname="tests.backend_test.TestPublic" name="test_filter_city" time="0.045" /><testcase classname="tests.backend_test.TestPublic" name="test_filter_gender_boys" time="0.041" /><testcase classname="tests.backend_test.TestPublic" name="test_filter_max_budget" time="0.045" /><testcase classname="tests.backend_test.TestPublic" name="test_detail" time="0.085" /><testcase classname="tests.backend_test.TestPublic" name="test_enquiry" time="0.106" /><testcase classname="tests.backend_test.TestAdmin" name="test_owners" time="0.106" /><testcase classname="tests.backend_test.TestAdmin" name="test_plans_crud" time="0.438" /><testcase classname="tests.backend_test.TestTenant" name="test_home" time="0.346" /><testcase classname="tests.backend_test.TestTenant" name="test_payments" time="0.042" /><testcase classname="tests.backend_test.TestTenant" name="test_notices" time="0.044" /><testcase classname="tests.backend_test.TestTenant" name="test_complaint_flow" time="0.398" /><testcase classname="tests.backend_test.TestAdmin" name="test_admin_forbidden_for_tenant" time="0.350" /><testcase classname="tests.backend_test.TestTenant" name="test_request" time="0.249" /><testcase classname="tests.backend_test.TestAdmin" name="test_admin_forbidden_for_owner" time="0.395" /><testcase classname="tests.backend_test.TestPayments" name="test_sub_checkout_400" time="0.085" /><testcase classname="tests.backend_test.TestPayments" name="test_rent_checkout_400" time="0.042" /><testcase classname="tests.backend_test.TestPayments" name="test_sub_checkout_requires_owner" time="0.126" /></testsuite></testsuites>